# JRE version: OpenJDK Runtime Environment Temurin-21.0.9+10 (21.0.9+10) (build 21.0.9+10-LTS)
# Java VM: OpenJDK 64-Bit Server VM Temurin-21.0.9+10 (21.0.9+10-LTS, mixed mode, sharing, tiered, compressed oops, compressed class ptrs, g1 gc, windows-amd64)
GC Precious Log:
 CardTable entry size: 512
 Card Set container configuration: InlinePtr #cards 5 size 8 Array Of Cards #cards 12 size 40 Howl #buckets 4 coarsen threshold 1843 Howl Bitmap #cards 512 size 80 coarsen threshold 460 Card regions per heap region 1 cards per card region 2048
 CPUs: 8 total, 8 available
 Memory: 7455M
 Large Page Support: Disabled
 NUMA Support: Disabled
 Compressed Oops: Enabled (32-bit)
 Heap Region Size: 1M
 Heap Min Capacity: 8M
 Heap Initial Capacity: 118M
 Heap Max Capacity: 1864M
 Pre-touch: Disabled
 Parallel Workers: 8
 Concurrent Workers: 2
 Concurrent Refinement Workers: 8
 Periodic GC: Disabled
Heap:
 garbage-first heap   total 110592K, used 82944K [0x000000008b800000, 0x0000000100000000)
  region size 1024K, 29 young (29696K), 1 survivors (1024K)
 Metaspace       used 33902K, committed 34432K, reserved 1114112K
  class space    used 3863K, committed 4096K, reserved 1048576K
GC Heap History (18 events):
Event: 2.695 GC heap before
{Heap before GC invocations=0 (full 0):
 garbage-first heap   total 120832K, used 23552K [0x000000008b800000, 0x0000000100000000)
  region size 1024K, 23 young (23552K), 0 survivors (0K)
 Metaspace       used 5669K, committed 5888K, reserved 1114112K
  class space    used 671K, committed 768K, reserved 1048576K
}
Event: 2.715 GC heap after
{Heap after GC invocations=1 (full 0):
 garbage-first heap   total 120832K, used 3680K [0x000000008b800000, 0x0000000100000000)
  region size 1024K, 3 young (3072K), 3 survivors (3072K)
 Metaspace       used 5669K, committed 5888K, reserved 1114112K
  class space    used 671K, committed 768K, reserved 1048576K
}
Event: 4.774 GC heap before
{Heap before GC invocations=1 (full 0):
 garbage-first heap   total 120832K, used 34400K [0x000000008b800000, 0x0000000100000000)
  region size 1024K, 33 young (33792K), 3 survivors (3072K)
 Metaspace       used 9737K, committed 9984K, reserved 1114112K
  class space    used 1172K, committed 1280K, reserved 1048576K
}
Event: 4.787 GC heap after
{Heap after GC invocations=2 (full 0):
 garbage-first heap   total 120832K, used 5706K [0x000000008b800000, 0x0000000100000000)
  region size 1024K, 2 young (2048K), 2 survivors (2048K)
 Metaspace       used 9737K, committed 9984K, reserved 1114112K
  class space    used 1172K, committed 1280K, reserved 1048576K
}
Event: 10.578 GC heap before
{Heap before GC invocations=2 (full 0):
 garbage-first heap   total 120832K, used 75338K [0x000000008b800000, 0x0000000100000000)
  region size 1024K, 70 young (71680K), 2 survivors (2048K)
 Metaspace       used 16131K, committed 16320K, reserved 1114112K
  class space    used 1897K, committed 1984K, reserved 1048576K
}
Event: 10.611 GC heap after
{Heap after GC invocations=3 (full 0):
 garbage-first heap   total 120832K, used 13519K [0x000000008b800000, 0x0000000100000000)
  region size 1024K, 9 young (9216K), 9 survivors (9216K)
 Metaspace       used 16131K, committed 16320K, reserved 1114112K
  class space    used 1897K, committed 1984K, reserved 1048576K
}
Event: 14.510 GC heap before
{Heap before GC invocations=3 (full 0):
 garbage-first heap   total 120832K, used 75983K [0x000000008b800000, 0x0000000100000000)
  region size 1024K, 70 young (71680K), 9 survivors (9216K)
 Metaspace       used 17308K, committed 17536K, reserved 1114112K
  class space    used 2000K, committed 2112K, reserved 1048576K
}
Event: 14.539 GC heap after
{Heap after GC invocations=4 (full 0):
 garbage-first heap   total 120832K, used 16473K [0x000000008b800000, 0x0000000100000000)
  region size 1024K, 4 young (4096K), 4 survivors (4096K)
 Metaspace       used 17308K, committed 17536K, reserved 1114112K
  class space    used 2000K, committed 2112K, reserved 1048576K
}
Event: 18.839 GC heap before
{Heap before GC invocations=4 (full 0):
 garbage-first heap   total 120832K, used 63577K [0x000000008b800000, 0x0000000100000000)
  region size 1024K, 46 young (47104K), 4 survivors (4096K)
 Metaspace       used 21200K, committed 21504K, reserved 1114112K
  class space    used 2417K, committed 2560K, reserved 1048576K
}
Event: 18.859 GC heap after
{Heap after GC invocations=5 (full 0):
 garbage-first heap   total 120832K, used 25689K [0x000000008b800000, 0x0000000100000000)
  region size 1024K, 9 young (9216K), 9 survivors (9216K)
 Metaspace       used 21200K, committed 21504K, reserved 1114112K
  class space    used 2417K, committed 2560K, reserved 1048576K
}
Event: 23.102 GC heap before
{Heap before GC invocations=6 (full 0):
 garbage-first heap   total 89088K, used 87129K [0x000000008b800000, 0x0000000100000000)
  region size 1024K, 69 young (70656K), 9 survivors (9216K)
 Metaspace       used 28276K, committed 28608K, reserved 1114112K
  class space    used 3248K, committed 3392K, reserved 1048576K
}
Event: 23.152 GC heap after
{Heap after GC invocations=7 (full 0):
 garbage-first heap   total 110592K, used 37465K [0x000000008b800000, 0x0000000100000000)
  region size 1024K, 9 young (9216K), 9 survivors (9216K)
 Metaspace       used 28276K, committed 28608K, reserved 1114112K
  class space    used 3248K, committed 3392K, reserved 1048576K
}
Event: 26.488 GC heap before
{Heap before GC invocations=7 (full 0):
 garbage-first heap   total 110592K, used 92761K [0x000000008b800000, 0x0000000100000000)
  region size 1024K, 59 young (60416K), 9 survivors (9216K)
 Metaspace       used 30951K, committed 31424K, reserved 1114112K
  class space    used 3572K, committed 3840K, reserved 1048576K
}
Event: 26.514 GC heap after
{Heap after GC invocations=8 (full 0):
 garbage-first heap   total 110592K, used 43226K [0x000000008b800000, 0x0000000100000000)
  region size 1024K, 8 young (8192K), 8 survivors (8192K)
 Metaspace       used 30951K, committed 31424K, reserved 1114112K
  class space    used 3572K, committed 3840K, reserved 1048576K
}
Event: 28.073 GC heap before
{Heap before GC invocations=8 (full 0):
 garbage-first heap   total 110592K, used 90330K [0x000000008b800000, 0x0000000100000000)
  region size 1024K, 52 young (53248K), 8 survivors (8192K)
 Metaspace       used 31213K, committed 31744K, reserved 1114112K
  class space    used 3593K, committed 3840K, reserved 1048576K
}
Event: 28.104 GC heap after
{Heap after GC invocations=9 (full 0):
 garbage-first heap   total 110592K, used 57344K [0x000000008b800000, 0x0000000100000000)
  region size 1024K, 7 young (7168K), 7 survivors (7168K)
 Metaspace       used 31213K, committed 31744K, reserved 1114112K
  class space    used 3593K, committed 3840K, reserved 1048576K
}
Event: 30.108 GC heap before
{Heap before GC invocations=9 (full 0):
 garbage-first heap   total 110592K, used 89088K [0x000000008b800000, 0x0000000100000000)
  region size 1024K, 39 young (39936K), 7 survivors (7168K)
 Metaspace       used 32466K, committed 32960K, reserved 1114112K
  class space    used 3742K, committed 3968K, reserved 1048576K
}
Event: 30.117 GC heap after
{Heap after GC invocations=10 (full 0):
 garbage-first heap   total 110592K, used 55296K [0x000000008b800000, 0x0000000100000000)
  region size 1024K, 1 young (1024K), 1 survivors (1024K)
 Metaspace       used 32466K, committed 32960K, reserved 1114112K
  class space    used 3742K, committed 3968K, reserved 1048576K
}

